Messages
=========================
SPIM Version Version 7.1 of January 2, 2005
Copyright 1990-2004 by James R. Larus (larus@cs.wisc.edu).
All Rights Reserved.
DOS and Windows ports by David A. Carley (dac@cs.wisc.edu).
Copyright 1997 by Morgan Kaufmann Publishers, Inc.
See the file README for a full copyright notice.
Loaded: C:\Program Files\PCSpim\exceptions.s
SPIM Version Version 7.1 of January 2, 2005
Copyright 1990-2004 by James R. Larus (larus@cs.wisc.edu).
All Rights Reserved.
DOS and Windows ports by David A. Carley (dac@cs.wisc.edu).
Copyright 1997 by Morgan Kaufmann Publishers, Inc.
See the file README for a full copyright notice.
Loaded: C:\Program Files\PCSpim\exceptions.s
Memory and registers cleared and the simulator reinitialized.

C:\donotmove\CS218\MIPSAssignments\ast5\mips5m.asm successfully loaded


Registers
=========================
 PC      = 00000000   EPC     = 00000000   Cause   = 00000000   BadVAddr= 00000000
 Status  = 3000ff10   HI      = 00000000   LO      = 00000002
                                 General Registers
R0  (r0) = 00000000  R8  (t0) = 00000002  R16 (s0) = 00000000  R24 (t8) = 00000000
R1  (at) = 10010000  R9  (t1) = 00000015  R17 (s1) = 00000000  R25 (t9) = 00000000
R2  (v0) = 0000000a  R10 (t2) = 00000000  R18 (s2) = 00000000  R26 (k0) = 00000000
R3  (v1) = 00000018  R11 (t3) = 00000000  R19 (s3) = 00000000  R27 (k1) = 00000000
R4  (a0) = 1001011a  R12 (t4) = 00000000  R20 (s4) = 00000000  R28 (gp) = 10008000
R5  (a1) = 00000018  R13 (t5) = 00000000  R21 (s5) = 00000000  R29 (sp) = 7fffef80
R6  (a2) = 0000000c  R14 (t6) = 00000000  R22 (s6) = 00000000  R30 (s8) = 00000000
R7  (a3) = 0000000c  R15 (t7) = 00000000  R23 (s7) = 00000000  R31 (ra) = 004000bc

 FIR    = 00009800    FCSR    = 00000000    FCCR   = 00000000   FEXR    = 00000000
 FENR   = 00000000
                              Double Floating Point Registers
FP0  = 0.000000      FP8  = 0.000000      FP16 = 0.000000      FP24 = 0.000000     
FP2  = 0.000000      FP10 = 0.000000      FP18 = 0.000000      FP26 = 0.000000     
FP4  = 0.000000      FP12 = 0.000000      FP20 = 0.000000      FP28 = 0.000000     
FP6  = 0.000000      FP14 = 0.000000      FP22 = 0.000000      FP30 = 0.000000     
                              Single Floating Point Registers
FP0  = 0.000000      FP8  = 0.000000      FP16 = 0.000000      FP24 = 0.000000     
FP1  = 0.000000      FP9  = 0.000000      FP17 = 0.000000      FP25 = 0.000000     
FP2  = 0.000000      FP10 = 0.000000      FP18 = 0.000000      FP26 = 0.000000     
FP3  = 0.000000      FP11 = 0.000000      FP19 = 0.000000      FP27 = 0.000000     
FP4  = 0.000000      FP12 = 0.000000      FP20 = 0.000000      FP28 = 0.000000     
FP5  = 0.000000      FP13 = 0.000000      FP21 = 0.000000      FP29 = 0.000000     
FP6  = 0.000000      FP14 = 0.000000      FP22 = 0.000000      FP30 = 0.000000     
FP7  = 0.000000      FP15 = 0.000000      FP23 = 0.000000      FP31 = 0.000000     


Console
=========================

MIPS Assignment #5
Find Greatest Common Divisor (GCD)


Enter M = 468
Enter N = 24


---------------

M value: 468
N Value:  24

GCD(1): 12
GCD(2): 12

GCD(1) - Count: 2
GCD(2) - Count: 21


Text Segment
=========================
[0x00400000]        0x8fa40000  lw $4, 0($29)                   ; 174: lw $a0 0($sp)                # argc
[0x00400004]        0x27a50004  addiu $5, $29, 4                ; 175: addiu $a1 $sp 4                # argv
[0x00400008]        0x24a60004  addiu $6, $5, 4                 ; 176: addiu $a2 $a1 4                # envp
[0x0040000c]        0x00041080  sll $2, $4, 2                   ; 177: sll $v0 $a0 2
[0x00400010]        0x00c23021  addu $6, $6, $2                 ; 178: addu $a2 $a2 $v0
[0x00400014]        0x0c100009  jal 0x00400024 [main]           ; 179: jal main
[0x00400018]        0x00000000  nop                             ; 180: nop
[0x0040001c]        0x3402000a  ori $2, $0, 10                  ; 182: li $v0 10
[0x00400020]        0x0000000c  syscall                         ; 183: syscall                        # syscall 10 (exit)
[0x00400024]        0x3c041001  lui $4, 4097 [hdr]              ; 70: la        $a0, hdr
[0x00400028]        0x34020004  ori $2, $0, 4                   ; 71: li        $v0, 4
[0x0040002c]        0x0000000c  syscall                         ; 72: syscall                                        # print header
[0x00400030]        0x0c100032  jal 0x004000c8 [get_data]       ; 77: jal        get_data
[0x00400034]        0x3c011001  lui $1, 4097                    ; 78: sw        $v0, m
[0x00400038]        0xac22003c  sw $2, 60($1)
[0x0040003c]        0x3c011001  lui $1, 4097                    ; 79: sw        $v1, n
[0x00400040]        0xac230040  sw $3, 64($1)
[0x00400044]        0x3c011001  lui $1, 4097                    ; 83: lw        $a0, m
[0x00400048]        0x8c24003c  lw $4, 60($1)
[0x0040004c]        0x3c011001  lui $1, 4097                    ; 84: lw        $a1, n
[0x00400050]        0x8c250040  lw $5, 64($1)
[0x00400054]        0x0c100052  jal 0x00400148 [fnd_gcd1]       ; 85: jal        fnd_gcd1
[0x00400058]        0x3c011001  lui $1, 4097                    ; 86: sw        $v0, gcd1
[0x0040005c]        0xac220044  sw $2, 68($1)
[0x00400060]        0x3c011001  lui $1, 4097                    ; 89: lw        $a0, m
[0x00400064]        0x8c24003c  lw $4, 60($1)
[0x00400068]        0x3c011001  lui $1, 4097                    ; 90: lw        $a1, n
[0x0040006c]        0x8c250040  lw $5, 64($1)
[0x00400070]        0x0c100065  jal 0x00400194 [fnd_gcd2]       ; 91: jal        fnd_gcd2
[0x00400074]        0x3c011001  lui $1, 4097                    ; 92: sw        $v0, gcd2
[0x00400078]        0xac220048  sw $2, 72($1)
[0x0040007c]        0x3c011001  lui $1, 4097                    ; 97: lw        $a0, m
[0x00400080]        0x8c24003c  lw $4, 60($1)
[0x00400084]        0x3c011001  lui $1, 4097                    ; 98: lw        $a1, n
[0x00400088]        0x8c250040  lw $5, 64($1)
[0x0040008c]        0x3c011001  lui $1, 4097                    ; 99: lw        $a2, gcd1
[0x00400090]        0x8c260044  lw $6, 68($1)
[0x00400094]        0x3c011001  lui $1, 4097                    ; 100: lw        $a3, gcd2
[0x00400098]        0x8c270048  lw $7, 72($1)
[0x0040009c]        0x27bdfff8  addiu $29, $29, -8              ; 101: subu        $sp, $sp, 8
[0x004000a0]        0x3c011001  lui $1, 4097                    ; 102: lw        $t0, g_cnt1
[0x004000a4]        0x8c28004c  lw $8, 76($1)
[0x004000a8]        0xafa80000  sw $8, 0($29)                   ; 103: sw        $t0, ($sp)
[0x004000ac]        0x3c011001  lui $1, 4097                    ; 104: lw        $t1, g_cnt2
[0x004000b0]        0x8c290050  lw $9, 80($1)
[0x004000b4]        0xafa90004  sw $9, 4($29)                   ; 105: sw        $t1, 4($sp)
[0x004000b8]        0x0c100078  jal 0x004001e0 [prt_results]    ; 107: jal        prt_results
[0x004000bc]        0x27bd0008  addiu $29, $29, 8               ; 109: addu        $sp, $sp, 8
[0x004000c0]        0x3402000a  ori $2, $0, 10                  ; 115: li        $v0, 10
[0x004000c4]        0x0000000c  syscall                         ; 116: syscall                                        # all done...
[0x004000c8]        0x27bdfff8  addiu $29, $29, -8              ; 140: subu        $sp, $sp, 8
[0x004000cc]        0xafbe0000  sw $30, 0($29)                  ; 141: sw        $fp, ($sp)
[0x004000d0]        0xafa40004  sw $4, 4($29)                   ; 142: sw        $a0, 4($sp)
[0x004000d4]        0x27be0008  addiu $30, $29, 8               ; 144: addu        $fp, $sp, 8
[0x004000d8]        0x0810003b  j 0x004000ec [nm_prmpt]         ; 149: j nm_prmpt
[0x004000dc]        0x3c011001  lui $1, 4097 [err1]             ; 153: la        $a0, err1                # M message
[0x004000e0]        0x3424006b  ori $4, $1, 107 [err1]
[0x004000e4]        0x34020004  ori $2, $0, 4                   ; 154: li        $v0, 4
[0x004000e8]        0x0000000c  syscall                         ; 155: syscall
[0x004000ec]        0x3c011001  lui $1, 4097 [mpmt]             ; 158: la        $a0, mpmt                # M message
[0x004000f0]        0x34240054  ori $4, $1, 84 [mpmt]
[0x004000f4]        0x34020004  ori $2, $0, 4                   ; 159: li        $v0, 4
[0x004000f8]        0x0000000c  syscall                         ; 160: syscall
[0x004000fc]        0x34020005  ori $2, $0, 5                   ; 162: li        $v0, 5
[0x00400100]        0x0000000c  syscall                         ; 163: syscall
[0x00400104]        0x00024821  addu $9, $0, $2                 ; 165: move $t1, $v0
[0x00400108]        0x3c011001  lui $1, 4097 [npmt]             ; 167: la        $a0, npmt                # N message
[0x0040010c]        0x34240060  ori $4, $1, 96 [npmt]
[0x00400110]        0x34020004  ori $2, $0, 4                   ; 168: li        $v0, 4
[0x00400114]        0x0000000c  syscall                         ; 169: syscall
[0x00400118]        0x34020005  ori $2, $0, 5                   ; 171: li        $v0, 5
[0x0040011c]        0x0000000c  syscall                         ; 172: syscall
[0x00400120]        0x00021821  addu $3, $0, $2                 ; 174: move $v1, $v0
[0x00400124]        0x00091021  addu $2, $0, $9                 ; 175: move $v0, $t1
[0x00400128]        0x28610001  slti $1, $3, 1                  ; 181: ble $v1, 0, nm_erprmpt
[0x0040012c]        0x1420ffec  bne $1, $0, -80 [nm_erprmpt-0x0040012c]
[0x00400130]        0x0043082a  slt $1, $2, $3                  ; 182: blt        $v0, $v1, nm_erprmpt
[0x00400134]        0x1420ffea  bne $1, $0, -88 [nm_erprmpt-0x00400134]
[0x00400138]        0x8fbe0000  lw $30, 0($29)                  ; 187: lw        $fp, ($sp)
[0x0040013c]        0x8fa40004  lw $4, 4($29)                   ; 188: lw        $a0, 4($sp)
[0x00400140]        0x27bd0008  addiu $29, $29, 8               ; 189: addu        $sp, $sp, 8
[0x00400144]        0x03e00008  jr $31                          ; 191: jr        $ra
[0x00400148]        0x27bdfffc  addiu $29, $29, -4              ; 218: subu $sp, $sp, 4
[0x0040014c]        0xafbf0000  sw $31, 0($29)                  ; 219: sw   $ra, ($sp)
[0x00400150]        0x3c011001  lui $1, 4097                    ; 223: lw   $t0, g_cnt1
[0x00400154]        0x8c28004c  lw $8, 76($1)
[0x00400158]        0x21080001  addi $8, $8, 1                  ; 224: add  $t0, $t0, 1
[0x0040015c]        0x3c011001  lui $1, 4097                    ; 225: sw   $t0, g_cnt1
[0x00400160]        0xac28004c  sw $8, 76($1)
[0x00400164]        0x00051021  addu $2, $0, $5                 ; 227: move $v0, $a1
[0x00400168]        0x14a00002  bne $5, $0, 8                   ; 228: rem  $t0, $a0, $a1
[0x0040016c]        0x0000000d  break $0
[0x00400170]        0x0085001a  div $4, $5
[0x00400174]        0x00004010  mfhi $8
[0x00400178]        0x11000004  beq $8, $0, 16 [gcd1_done-0x00400178]; 229: beqz $t0, gcd1_done
[0x0040017c]        0x00052021  addu $4, $0, $5                 ; 231: move $a0, $a1
[0x00400180]        0x00082821  addu $5, $0, $8                 ; 232: move $a1, $t0
[0x00400184]        0x0c100052  jal 0x00400148 [fnd_gcd1]       ; 233: jal  fnd_gcd1
[0x00400188]        0x8fbf0000  lw $31, 0($29)                  ; 240: lw   $ra, ($sp)
[0x0040018c]        0x27bd0004  addiu $29, $29, 4               ; 241: addu $sp, $sp, 4
[0x00400190]        0x03e00008  jr $31                          ; 246: jr        $ra
[0x00400194]        0x27bdfffc  addiu $29, $29, -4              ; 276: subu $sp, $sp, 4
[0x00400198]        0xafbf0000  sw $31, 0($29)                  ; 277: sw   $ra, ($sp)
[0x0040019c]        0x3c011001  lui $1, 4097                    ; 279: lw   $t0, g_cnt2
[0x004001a0]        0x8c280050  lw $8, 80($1)
[0x004001a4]        0x21080001  addi $8, $8, 1                  ; 280: add  $t0, $t0, 1
[0x004001a8]        0x3c011001  lui $1, 4097                    ; 281: sw   $t0, g_cnt2
[0x004001ac]        0xac280050  sw $8, 80($1)
[0x004001b0]        0x00041021  addu $2, $0, $4                 ; 283: move $v0, $a0
[0x004001b4]        0x10850008  beq $4, $5, 32 [gcd2_done-0x004001b4]; 284: beq  $a0, $a1, gcd2_done
[0x004001b8]        0x0085082a  slt $1, $4, $5                  ; 285: blt  $a0, $a1, nxt
[0x004001bc]        0x14200003  bne $1, $0, 12 [nxt-0x004001bc]
[0x004001c0]        0x00852022  sub $4, $4, $5                  ; 287: sub  $a0, $a0, $a1
[0x004001c4]        0x0c100065  jal 0x00400194 [fnd_gcd2]       ; 288: jal  fnd_gcd2
[0x004001c8]        0x10850003  beq $4, $5, 12 [gcd2_done-0x004001c8]; 291: beq  $a0, $a1, gcd2_done
[0x004001cc]        0x00a42822  sub $5, $5, $4                  ; 292: sub  $a1, $a1, $a0
[0x004001d0]        0x0c100065  jal 0x00400194 [fnd_gcd2]       ; 293: jal  fnd_gcd2
[0x004001d4]        0x8fbf0000  lw $31, 0($29)                  ; 300: lw   $ra, ($sp)
[0x004001d8]        0x27bd0004  addiu $29, $29, 4               ; 301: addu $sp, $sp, 4
[0x004001dc]        0x03e00008  jr $31                          ; 306: jr        $ra
[0x004001e0]        0x27bdffec  addiu $29, $29, -20             ; 333: subu        $sp, $sp, 20
[0x004001e4]        0xafb00000  sw $16, 0($29)                  ; 334: sw        $s0, 0($sp)
[0x004001e8]        0xafb10004  sw $17, 4($29)                  ; 335: sw        $s1, 4($sp)
[0x004001ec]        0xafb20008  sw $18, 8($29)                  ; 336: sw        $s2, 8($sp)
[0x004001f0]        0xafb3000c  sw $19, 12($29)                 ; 337: sw        $s3, 12($sp)
[0x004001f4]        0xafbe0010  sw $30, 16($29)                 ; 338: sw        $fp, 16($sp)
[0x004001f8]        0x27be0014  addiu $30, $29, 20              ; 340: addu        $fp, $sp, 20
[0x004001fc]        0x00048021  addu $16, $0, $4                ; 342: move        $s0, $a0
[0x00400200]        0x00058821  addu $17, $0, $5                ; 343: move        $s1, $a1
[0x00400204]        0x00069021  addu $18, $0, $6                ; 344: move        $s2, $a2
[0x00400208]        0x00079821  addu $19, $0, $7                ; 345: move        $s3, $a3
[0x0040020c]        0x3c011001  lui $1, 4097 [ln]               ; 350: la        $a0, ln
[0x00400210]        0x342400b5  ori $4, $1, 181 [ln]
[0x00400214]        0x34020004  ori $2, $0, 4                   ; 351: li        $v0, 4
[0x00400218]        0x0000000c  syscall                         ; 352: syscall
[0x0040021c]        0x3c011001  lui $1, 4097 [msg1]             ; 357: la        $a0, msg1
[0x00400220]        0x342400c8  ori $4, $1, 200 [msg1]
[0x00400224]        0x34020004  ori $2, $0, 4                   ; 358: li        $v0, 4
[0x00400228]        0x0000000c  syscall                         ; 359: syscall
[0x0040022c]        0x00102021  addu $4, $0, $16                ; 361: move        $a0, $s0
[0x00400230]        0x34020001  ori $2, $0, 1                   ; 362: li        $v0, 1
[0x00400234]        0x0000000c  syscall                         ; 363: syscall
[0x00400238]        0x3c011001  lui $1, 4097 [nline]            ; 365: la        $a0, nline
[0x0040023c]        0x3424011a  ori $4, $1, 282 [nline]
[0x00400240]        0x34020004  ori $2, $0, 4                   ; 366: li        $v0, 4
[0x00400244]        0x0000000c  syscall                         ; 367: syscall
[0x00400248]        0x3c011001  lui $1, 4097 [msg2]             ; 369: la        $a0, msg2
[0x0040024c]        0x342400d3  ori $4, $1, 211 [msg2]
[0x00400250]        0x34020004  ori $2, $0, 4                   ; 370: li        $v0, 4
[0x00400254]        0x0000000c  syscall                         ; 371: syscall
[0x00400258]        0x00112021  addu $4, $0, $17                ; 373: move        $a0, $s1
[0x0040025c]        0x34020001  ori $2, $0, 1                   ; 374: li        $v0, 1
[0x00400260]        0x0000000c  syscall                         ; 375: syscall
[0x00400264]        0x3c011001  lui $1, 4097 [nline]            ; 377: la        $a0, nline
[0x00400268]        0x3424011a  ori $4, $1, 282 [nline]
[0x0040026c]        0x34020004  ori $2, $0, 4                   ; 378: li        $v0, 4
[0x00400270]        0x0000000c  syscall                         ; 379: syscall
[0x00400274]        0x3c011001  lui $1, 4097 [msg3]             ; 384: la        $a0, msg3
[0x00400278]        0x342400de  ori $4, $1, 222 [msg3]
[0x0040027c]        0x34020004  ori $2, $0, 4                   ; 385: li        $v0, 4
[0x00400280]        0x0000000c  syscall                         ; 386: syscall
[0x00400284]        0x00122021  addu $4, $0, $18                ; 388: move        $a0, $s2
[0x00400288]        0x34020001  ori $2, $0, 1                   ; 389: li        $v0, 1
[0x0040028c]        0x0000000c  syscall                         ; 390: syscall
[0x00400290]        0x3c011001  lui $1, 4097 [msg4]             ; 392: la        $a0, msg4
[0x00400294]        0x342400e8  ori $4, $1, 232 [msg4]
[0x00400298]        0x34020004  ori $2, $0, 4                   ; 393: li        $v0, 4
[0x0040029c]        0x0000000c  syscall                         ; 394: syscall
[0x004002a0]        0x00132021  addu $4, $0, $19                ; 396: move        $a0, $s3
[0x004002a4]        0x34020001  ori $2, $0, 1                   ; 397: li        $v0, 1
[0x004002a8]        0x0000000c  syscall                         ; 398: syscall
[0x004002ac]        0x3c011001  lui $1, 4097 [nline]            ; 400: la        $a0, nline
[0x004002b0]        0x3424011a  ori $4, $1, 282 [nline]
[0x004002b4]        0x34020004  ori $2, $0, 4                   ; 401: li        $v0, 4
[0x004002b8]        0x0000000c  syscall                         ; 402: syscall
[0x004002bc]        0x3c011001  lui $1, 4097 [msg5]             ; 407: la        $a0, msg5
[0x004002c0]        0x342400f2  ori $4, $1, 242 [msg5]
[0x004002c4]        0x34020004  ori $2, $0, 4                   ; 408: li        $v0, 4
[0x004002c8]        0x0000000c  syscall                         ; 409: syscall
[0x004002cc]        0x8fc40000  lw $4, 0($30)                   ; 411: lw        $a0, ($fp)
[0x004002d0]        0x34020001  ori $2, $0, 1                   ; 412: li        $v0, 1
[0x004002d4]        0x0000000c  syscall                         ; 413: syscall
[0x004002d8]        0x3c011001  lui $1, 4097 [msg6]             ; 415: la        $a0, msg6
[0x004002dc]        0x34240104  ori $4, $1, 260 [msg6]
[0x004002e0]        0x34020004  ori $2, $0, 4                   ; 416: li        $v0, 4
[0x004002e4]        0x0000000c  syscall                         ; 417: syscall
[0x004002e8]        0x8fc40004  lw $4, 4($30)                   ; 419: lw        $a0, 4($fp)
[0x004002ec]        0x34020001  ori $2, $0, 1                   ; 420: li        $v0, 1
[0x004002f0]        0x0000000c  syscall                         ; 421: syscall
[0x004002f4]        0x3c011001  lui $1, 4097 [nline]            ; 423: la        $a0, nline
[0x004002f8]        0x3424011a  ori $4, $1, 282 [nline]
[0x004002fc]        0x34020004  ori $2, $0, 4                   ; 424: li        $v0, 4
[0x00400300]        0x0000000c  syscall                         ; 425: syscall
[0x00400304]        0x8fb00000  lw $16, 0($29)                  ; 430: lw        $s0, 0($sp)
[0x00400308]        0x8fb10004  lw $17, 4($29)                  ; 431: lw        $s1, 4($sp)
[0x0040030c]        0x8fb20008  lw $18, 8($29)                  ; 432: lw        $s2, 8($sp)
[0x00400310]        0x8fb3000c  lw $19, 12($29)                 ; 433: lw        $s3, 12($sp)
[0x00400314]        0x8fbe0010  lw $30, 16($29)                 ; 434: lw        $fp, 16($sp)
[0x00400318]        0x27bd0014  addiu $29, $29, 20              ; 435: addu        $sp, $sp, 20
[0x0040031c]        0x03e00008  jr $31                          ; 437: jr        $ra

        KERNEL
[0x80000180]        0x0001d821  addu $27, $0, $1                ; 82: move $k1 $at                # Save $at
[0x80000184]        0x3c019000  lui $1, -28672                  ; 84: sw $v0 s1                # Not re-entrant and we can't trust $sp
[0x80000188]        0xac220200  sw $2, 512($1)
[0x8000018c]        0x3c019000  lui $1, -28672                  ; 85: sw $a0 s2                # But we need to use these registers
[0x80000190]        0xac240204  sw $4, 516($1)
[0x80000194]        0x401a6800  mfc0 $26, $13                   ; 87: mfc0 $k0 $13                # Cause register
[0x80000198]        0x001a2082  srl $4, $26, 2                  ; 88: srl $a0 $k0 2                # Extract ExcCode Field
[0x8000019c]        0x3084001f  andi $4, $4, 31                 ; 89: andi $a0 $a0 0x1f
[0x800001a0]        0x34020004  ori $2, $0, 4                   ; 93: li $v0 4                # syscall 4 (print_str)
[0x800001a4]        0x3c049000  lui $4, -28672 [__m1_]          ; 94: la $a0 __m1_
[0x800001a8]        0x0000000c  syscall                         ; 95: syscall
[0x800001ac]        0x34020001  ori $2, $0, 1                   ; 97: li $v0 1                # syscall 1 (print_int)
[0x800001b0]        0x001a2082  srl $4, $26, 2                  ; 98: srl $a0 $k0 2                # Extract ExcCode Field
[0x800001b4]        0x3084001f  andi $4, $4, 31                 ; 99: andi $a0 $a0 0x1f
[0x800001b8]        0x0000000c  syscall                         ; 100: syscall
[0x800001bc]        0x34020004  ori $2, $0, 4                   ; 102: li $v0 4                # syscall 4 (print_str)
[0x800001c0]        0x3344003c  andi $4, $26, 60                ; 103: andi $a0 $k0 0x3c
[0x800001c4]        0x3c019000  lui $1, -28672                  ; 104: lw $a0 __excp($a0)
[0x800001c8]        0x00240821  addu $1, $1, $4
[0x800001cc]        0x8c240180  lw $4, 384($1)
[0x800001d0]        0x00000000  nop                             ; 105: nop
[0x800001d4]        0x0000000c  syscall                         ; 106: syscall
[0x800001d8]        0x34010018  ori $1, $0, 24                  ; 108: bne $k0 0x18 ok_pc        # Bad PC exception requires special checks
[0x800001dc]        0x143a0008  bne $1, $26, 32 [ok_pc-0x800001dc]
[0x800001e0]        0x00000000  nop                             ; 109: nop
[0x800001e4]        0x40047000  mfc0 $4, $14                    ; 111: mfc0 $a0 $14                # EPC
[0x800001e8]        0x30840003  andi $4, $4, 3                  ; 112: andi $a0 $a0 0x3        # Is EPC word-aligned?
[0x800001ec]        0x10040004  beq $0, $4, 16 [ok_pc-0x800001ec]; 113: beq $a0 0 ok_pc
[0x800001f0]        0x00000000  nop                             ; 114: nop
[0x800001f4]        0x3402000a  ori $2, $0, 10                  ; 116: li $v0 10                # Exit on really bad PC
[0x800001f8]        0x0000000c  syscall                         ; 117: syscall
[0x800001fc]        0x34020004  ori $2, $0, 4                   ; 120: li $v0 4                # syscall 4 (print_str)
[0x80000200]        0x3c019000  lui $1, -28672 [__m2_]          ; 121: la $a0 __m2_
[0x80000204]        0x3424000d  ori $4, $1, 13 [__m2_]
[0x80000208]        0x0000000c  syscall                         ; 122: syscall
[0x8000020c]        0x001a2082  srl $4, $26, 2                  ; 124: srl $a0 $k0 2                # Extract ExcCode Field
[0x80000210]        0x3084001f  andi $4, $4, 31                 ; 125: andi $a0 $a0 0x1f
[0x80000214]        0x14040002  bne $0, $4, 8 [ret-0x80000214]  ; 126: bne $a0 0 ret                # 0 means exception was an interrupt
[0x80000218]        0x00000000  nop                             ; 127: nop
[0x8000021c]        0x401a7000  mfc0 $26, $14                   ; 137: mfc0 $k0 $14                # Bump EPC register
[0x80000220]        0x275a0004  addiu $26, $26, 4               ; 138: addiu $k0 $k0 4                # Skip faulting instruction
[0x80000224]        0x409a7000  mtc0 $26, $14                   ; 140: mtc0 $k0 $14
[0x80000228]        0x001b0821  addu $1, $0, $27                ; 146: move $at $k1                # Restore $at
[0x8000022c]        0x3c019000  lui $1, -28672                  ; 148: lw $v0 s1                # Restore other registers
[0x80000230]        0x8c220200  lw $2, 512($1)
[0x80000234]        0x3c019000  lui $1, -28672                  ; 149: lw $a0 s2
[0x80000238]        0x8c240204  lw $4, 516($1)
[0x8000023c]        0x40806800  mtc0 $0, $13                    ; 151: mtc0 $0 $13                # Clear Cause register
[0x80000240]        0x401a6000  mfc0 $26, $12                   ; 153: mfc0 $k0 $12                # Set Status register
[0x80000244]        0x375a0001  ori $26, $26, 1                 ; 154: ori  $k0 0x1                # Interrupts enabled
[0x80000248]        0x409a6000  mtc0 $26, $12                   ; 155: mtc0 $k0 $12
[0x8000024c]        0x42000018  eret                            ; 158: eret


Data Segment
=========================
        DATA
[0x10000000]...[0x10010000]        0x00000000
[0x10010000]                        0x50494d0a  0x73412053  0x6e676973  0x746e656d
[0x10010010]                        0x0a352320  0x646e6946  0x65724720  0x73657461
[0x10010020]                        0x6f432074  0x6e6f6d6d  0x76694420  0x726f7369
[0x10010030]                        0x43472820  0x0a0a2944  0x00000000  0x000001d4
[0x10010040]                        0x00000018  0x0000000c  0x0000000c  0x00000002
[0x10010050]                        0x00000015  0x746e450a  0x4d207265  0x00203d20
[0x10010060]                        0x65746e45  0x204e2072  0x0a00203d  0x6f727245
[0x10010070]                        0x6d202c72  0x20747375  0x65746e65  0x204d2072
[0x10010080]                        0x20646e61  0x7573204e  0x74206863  0x20746168
[0x10010090]                        0x3e204d28  0x204e203d  0x2930203e  0x6c500a20
[0x100100a0]                        0x65736165  0x2d657220  0x65746e65  0x61642072
[0x100100b0]                        0x0a2e6174  0x2d0a0a00  0x2d2d2d2d  0x2d2d2d2d
[0x100100c0]                        0x2d2d2d2d  0x000a2d2d  0x76204d0a  0x65756c61
[0x100100d0]                        0x4e00203a  0x6c615620  0x203a6575  0x470a0020
[0x100100e0]                        0x31284443  0x00203a29  0x4443470a  0x3a293228
[0x100100f0]                        0x470a0020  0x31284443  0x202d2029  0x6e756f43
[0x10010100]                        0x00203a74  0x4443470a  0x20293228  0x6f43202d
[0x10010110]                        0x3a746e75  0x20200020  0x000a0020  0x00000000
[0x10010120]...[0x10040000]        0x00000000

        STACK
[0x7fffef80]                        0x00000000  0x00000000  0x7fffefc1  0x7fffef80
[0x7fffef90]                        0x7fffef6d  0x7fffef3c  0x7fffef29  0x7fffef05
[0x7fffefa0]                        0x7fffeef1  0x7fffeee4  0x7fffeeb5  0x7fffeea1
[0x7fffefb0]                        0x7fffee8a  0x7fffee7c  0x7fffeddf  0x7fffeda6
[0x7fffefc0]                        0x7fffed8b  0x7fffed47  0x7fffed34  0x7fffed1c
[0x7fffefd0]                        0x7fffecfe  0x7fffecea  0x7fffecdb  0x7fffecc5
[0x7fffefe0]                        0x7fffec99  0x7fffec6e  0x7fffec5d  0x7fffec4c
[0x7fffeff0]                        0x7fffec18  0x7fffec06  0x00000000  0x00000000

        KERNEL DATA
[0x90000000]                        0x78452020  0x74706563  0x206e6f69  0x636f2000
[0x90000010]                        0x72727563  0x61206465  0x6920646e  0x726f6e67
[0x90000020]                        0x000a6465  0x495b2020  0x7265746e  0x74707572
[0x90000030]                        0x2000205d  0x4c545b20  0x20005d42  0x4c545b20
[0x90000040]                        0x20005d42  0x4c545b20  0x20005d42  0x64415b20
[0x90000050]                        0x73657264  0x72652073  0x20726f72  0x69206e69
[0x90000060]                        0x2f74736e  0x61746164  0x74656620  0x205d6863
[0x90000070]                        0x5b202000  0x72646441  0x20737365  0x6f727265
[0x90000080]                        0x6e692072  0x6f747320  0x205d6572  0x5b202000
[0x90000090]                        0x20646142  0x74736e69  0x74637572  0x206e6f69
[0x900000a0]                        0x72646461  0x5d737365  0x20200020  0x6461425b
[0x900000b0]                        0x74616420  0x64612061  0x73657264  0x00205d73
[0x900000c0]                        0x455b2020  0x726f7272  0x206e6920  0x63737973
[0x900000d0]                        0x5d6c6c61  0x20200020  0x6572425b  0x6f706b61
[0x900000e0]                        0x5d746e69  0x20200020  0x7365525b  0x65767265
[0x900000f0]                        0x6e692064  0x75727473  0x6f697463  0x00205d6e
[0x90000100]                        0x5b202000  0x74697241  0x74656d68  0x6f206369
[0x90000110]                        0x66726576  0x5d776f6c  0x20200020  0x6172545b
[0x90000120]                        0x00205d70  0x5b202000  0x616f6c46  0x676e6974
[0x90000130]                        0x696f7020  0x205d746e  0x20000000  0x6f435b20
[0x90000140]                        0x636f7270  0x005d3220  0x20000000  0x444d5b20
[0x90000150]                        0x005d584d  0x575b2020  0x68637461  0x2020005d
[0x90000160]                        0x63614d5b  0x656e6968  0x65686320  0x005d6b63
[0x90000170]                        0x00000000  0x5b202000  0x68636143  0x00005d65
[0x90000180]                        0x90000024  0x90000033  0x9000003b  0x90000043
[0x90000190]                        0x9000004b  0x90000071  0x9000008d  0x900000aa
[0x900001a0]                        0x900000c0  0x900000d6  0x900000e6  0x90000100
[0x900001b0]                        0x90000101  0x9000011a  0x90000124  0x90000125
[0x900001c0]                        0x90000139  0x9000013a  0x9000013b  0x90000148
[0x900001d0]                        0x90000149  0x9000014a  0x9000014b  0x90000154
[0x900001e0]                        0x9000015e  0x90000170  0x90000171  0x90000172
[0x900001f0]                        0x90000173  0x90000174  0x90000175  0x9000017f
[0x90000200]...[0x90010000]        0x00000000


