2001.11.26 11:10 B c:\idrive\web\introft\IntroFTim\exercise\photo\banana.gif --> durin.armstrong.edu /home/csweb/htdocs/liang/introft/IntroFTim/exercise/photo banana.gif
2001.11.26 11:10 B c:\idrive\web\introft\IntroFTim\exercise\photo\grape.gif --> durin.armstrong.edu /home/csweb/htdocs/liang/introft/IntroFTim/exercise/photo grape.gif
2001.11.26 11:10 B c:\idrive\web\introft\IntroFTim\exercise\photo\photo0.gif --> durin.armstrong.edu /home/csweb/htdocs/liang/introft/IntroFTim/exercise/photo photo0.gif
2001.11.26 11:10 B c:\idrive\web\introft\IntroFTim\exercise\photo\photo1.gif --> durin.armstrong.edu /home/csweb/htdocs/liang/introft/IntroFTim/exercise/photo photo1.gif
2001.11.26 11:10 B c:\idrive\web\introft\IntroFTim\exercise\photo\photo2.gif --> durin.armstrong.edu /home/csweb/htdocs/liang/introft/IntroFTim/exercise/photo photo2.gif
2001.11.26 11:10 B c:\idrive\web\introft\IntroFTim\exercise\photo\photo3.gif --> durin.armstrong.edu /home/csweb/htdocs/liang/introft/IntroFTim/exercise/photo photo3.gif
2001.11.26 11:10 B c:\idrive\web\introft\IntroFTim\exercise\photo\photo4.gif --> durin.armstrong.edu /home/csweb/htdocs/liang/introft/IntroFTim/exercise/photo photo4.gif
2001.11.26 11:10 B c:\idrive\web\introft\IntroFTim\exercise\photo\photo5.gif --> durin.armstrong.edu /home/csweb/htdocs/liang/introft/IntroFTim/exercise/photo photo5.gif
2001.11.26 11:10 B c:\idrive\web\introft\IntroFTim\exercise\photo\photo6.gif --> durin.armstrong.edu /home/csweb/htdocs/liang/introft/IntroFTim/exercise/photo photo6.gif
2001.11.26 11:10 B c:\idrive\web\introft\IntroFTim\exercise\photo\photo7.gif --> durin.armstrong.edu /home/csweb/htdocs/liang/introft/IntroFTim/exercise/photo photo7.gif
2003.08.04 13:56 B C:\IntroJB3eInstructorCD\exercise\photo\banana.gif --> durin /home/csweb/htdocs/liang/IntroJB3eInstructorCD/exercise/photo banana.gif
2003.08.04 13:56 B C:\IntroJB3eInstructorCD\exercise\photo\grape.gif --> durin /home/csweb/htdocs/liang/IntroJB3eInstructorCD/exercise/photo grape.gif
2003.08.04 13:56 B C:\IntroJB3eInstructorCD\exercise\photo\photo0.gif --> durin /home/csweb/htdocs/liang/IntroJB3eInstructorCD/exercise/photo photo0.gif
2003.08.04 13:56 B C:\IntroJB3eInstructorCD\exercise\photo\photo1.gif --> durin /home/csweb/htdocs/liang/IntroJB3eInstructorCD/exercise/photo photo1.gif
2003.08.04 13:56 B C:\IntroJB3eInstructorCD\exercise\photo\photo2.gif --> durin /home/csweb/htdocs/liang/IntroJB3eInstructorCD/exercise/photo photo2.gif
2003.08.04 13:56 B C:\IntroJB3eInstructorCD\exercise\photo\photo3.gif --> durin /home/csweb/htdocs/liang/IntroJB3eInstructorCD/exercise/photo photo3.gif
2003.08.04 13:56 B C:\IntroJB3eInstructorCD\exercise\photo\photo4.gif --> durin /home/csweb/htdocs/liang/IntroJB3eInstructorCD/exercise/photo photo4.gif
2003.08.04 13:56 B C:\IntroJB3eInstructorCD\exercise\photo\photo5.gif --> durin /home/csweb/htdocs/liang/IntroJB3eInstructorCD/exercise/photo photo5.gif
2003.08.04 13:56 B C:\IntroJB3eInstructorCD\exercise\photo\photo6.gif --> durin /home/csweb/htdocs/liang/IntroJB3eInstructorCD/exercise/photo photo6.gif
2003.08.04 13:56 B C:\IntroJB3eInstructorCD\exercise\photo\photo7.gif --> durin /home/csweb/htdocs/liang/IntroJB3eInstructorCD/exercise/photo photo7.gif
2003.08.04 13:56 B C:\IntroJB3eInstructorCD\exercise\photo\WS_FTP.LOG --> durin /home/csweb/htdocs/liang/IntroJB3eInstructorCD/exercise/photo WS_FTP.LOG
