>mdi list l100
12F9:000A      14      45      42      43      75      34      46      22  
12F9:001A      56      63      17       5      26      40      65      11  
12F9:002A      54      28      13      22      11      25      65      12  
12F9:003A      90      22      11      29      15      24      17      24  
12F9:004A      80      17      24      25      16      62      18      92  
12F9:005A      32      35      64      15      10      65      54      67  
12F9:006A      15      56      22      21      56      27      27      27  
12F9:007A      82      65      55      35      25      19      34      45  
12F9:008A      67       5      61      35      56      53      32      35  
12F9:009A      64      15      10      65      54      67      15      56  
12F9:00AA      92      25      25      12      25      17      98      77  
12F9:00BA      75      34      23      83      73      50      15      35  
12F9:00CA      25      18      13      25  
>mdi lst_len l1
12F9:00D2     100  
>
>mdi lst_min l1
12F9:00DA       5  
>mdi lst_max l1
12F9:00DC      98  
>mdi lst_sum l1
12F9:00DE    3883  
>mdi lst_ave l1
12F9:00E0      38  
>
>mdi odd_cnt l1
12F9:00E2      57  
>mdi odd_sum l1
12F9:00E4    2049  
>mdi odd_ave l1
12F9:00E6      35  
>
>mdi ten_cnt l1
12F9:00E8       6  
>mdi ten_sum l1
12F9:00EA     280  
>mdi ten_ave l1
12F9:00EC      46  
>
