><ast5d.txt
>mdb a_side1 l10
1320:0000  0A 0F 0A 0D 0E 11 0A 06 0D 0B                    ..........
>mdb b_side1 l10
1320:000A  0F 02 0D 06 0C 10 07 0C 0A 0C                    ..........
>mdb areas1 l10
1320:0014  4B 0F 41 27 54 88 23 24 41 42                    K.A'T.#$AB
>mdi r_pnt1 l10
1320:001E    1625     229    1165     533    1904   14242     347     432  
1320:002E    1165    1166  
>mdi asum1 l1
1320:0034     616  
>mdb aave1 l1
1320:0036  3D                                               =
>mdi rsum1 l1
1320:0037   22808  
>mdi rave1 l1
1320:0039    2280  
>
>mdb a_side2 l16
1320:003B  0E 09 0E 0D 0C 0A 0D 0C 0C 0C 03 0B 0C 05 0A 0C  ................
>mdb b_side2 l16
1320:004B  0F 0E 0D 10 0E 0C 0B 11 0D 0F 0E 09 0E 0D 0C 0E  ................
>mdb areas2 l16
1320:005B  69 3F 5B 68 54 3C 47 66 4E 5A 15 31 54 20 3C 54  i?[hT<GfNZ.1T <T
>mdi r_pnt2 l16
1320:006B    2947    1163    2214    2946    1904     976    1372    2944  
1320:007B    1627    2214     287     659    1904     413     976    1904  
>mdi asum2 l1
1320:008D    1178  
>mdb aave2 l1
1320:008F  49                                               I
>mdi rsum2 l1
1320:0090   26450  
>mdi rave2 l1
1320:0092    1653  
>
>mdb a_side3 l19
1320:0094  0D 04 0D 0B 0C 0E 0D 0E 06 0F 04 0C 0B 03 08 0C  ................
1320:00A4  0E 0D 12                                         ...
>mdb b_side3 l19
1320:00A7  0C 12 0B 0E 10 0B 0D 0D 04 0B 04 0C 0D 0C 0D 02  ................
1320:00B7  0E 07 12                                         ...
>mdb areas3 l19
1320:00BA  4E 24 47 4D 60 4D 54 5B 0C 52 08 48 47 12 34 0C  N$GM`MT[.R.HG.4.
1320:00CA  62 2D A2                                         b-.
>mdi r_pnt3 l19
1320:00CD    1627     816    1372    1627    2560    1627    1892    2214  
1320:00DD      41    1891      17    1382    1372     183     807     118  
1320:00ED    2561     654   18057  
>mdi asum3 l1
1320:00F5    1242  
>mdb aave3 l1
1320:00F7  41                                               A
>mdi rsum3 l1
1320:00F8  -24718  
>mdi rave3 l1
1320:00FA    2148  
>
>mdb a_side4 l20
1320:00FC  0B 0D 0F 0D 10 0E 0D 0A 01 0F 0E 04 0D 0B 0B 04  ................
1320:010C  0D 09 07 0D                                      ....
>mdb b_side4 l20
1320:0110  0A 0D 05 0F 0C 11 0A 15 0E 0F 0C 11 12 0D 0A 0B  ................
1320:0120  0C 0B 0F 0D                                      ....
>mdb areas4 l20
1320:0124  37 54 25 61 60 77 41 69 07 70 54 22 75 47 37 16  7T%a`wAi.pT"uG7.
1320:0134  4E 31 34 54                                      N14T
>mdi r_pnt4 l20
1320:0138     810    1892     616    2547    9386    3847    1165    3787  
1320:0148      91    3360    1904     691    3845    1372     810     200  
1320:0158    1627     659     949    1892  
>mdi asum4 l1
1320:0162    1423  
>mdb aave4 l1
1320:0164  47                                               G
>mdi rsum4 l1
1320:0165  -24086  
>mdi rave4 l1
1320:0167    2072  
>
>mdb a_side5 l25
1320:0169  0A 0E 0D 07 0E 0E 0D 0A 0B 10 0E 03 0E 13 02 11  ................
1320:0179  0B 0D 02 0A 09 0B 04 0B 0F                       .........
>mdb b_side5 l25
1320:0182  0C 0B 10 0B 01 04 11 0C 11 0F 0B 03 10 07 0F 0B  ................
1320:0192  0A 12 02 0C 09 0B 0E 05 0C                       .........
>mdb areas5 l25
1320:019B  3C 4D 68 26 07 1C 6E 3C 5D 78 4D 04 70 42 0F 5D  <Mh&..n<]xM.pB.]
1320:01AB  37 75 02 3C 28 3C 1C 1B 5A                       7u.<(<..Z
>mdi r_pnt5 l25
1320:01B4     976    1627    2946     430      91     395    3358     976  
1320:01C4    2542   12057    1627       4    3374    8801     229    9539  
1320:01D4     810    3845       1     976     432     968     395     262  
1320:01E4    2214  
>mdi asum5 l1
1320:01E8    1543  
>mdb aave5 l1
1320:01EA  3D                                               =
>mdi rsum5 l1
1320:01EB   -6661  
>mdi rave5 l1
1320:01ED    2355  
>
